This file contains any messages produced by compilers while
running configure, to aid debugging if configure makes a mistake.

It was created by configure, which was
generated by GNU Autoconf 2.68.  Invocation command line was

  $ ./configure --with-exempi=exempidir --with-expat --enable-xmp --with-php-config=php-config

## --------- ##
## Platform. ##
## --------- ##

hostname = dv40.theogdengroup.net
uname -m = x86_64
uname -r = 2.6.18-028stab070.14
uname -s = Linux
uname -v = #1 SMP Thu Nov 18 16:04:02 MSK 2010

/usr/bin/uname -p = unknown
/bin/uname -X     = unknown

/bin/arch              = x86_64
/usr/bin/arch -k       = unknown
/usr/convex/getsysinfo = unknown
/usr/bin/hostinfo      = unknown
/bin/machine           = unknown
/usr/bin/oslevel       = unknown
/bin/universe          = unknown

PATH: /usr/kerberos/sbin
PATH: /usr/kerberos/bin
PATH: /usr/local/sbin
PATH: /usr/local/bin
PATH: /sbin
PATH: /bin
PATH: /usr/sbin
PATH: /usr/bin
PATH: /root/bin


## ----------- ##
## Core tests. ##
## ----------- ##

configure:2817: checking for grep that handles long lines and -e
configure:2875: result: /bin/grep
configure:2880: checking for egrep
configure:2942: result: /bin/grep -E
configure:2947: checking for a sed that does not truncate output
configure:3003: result: /bin/sed
configure:3135: checking for cc
configure:3151: found /usr/bin/cc
configure:3162: result: cc
configure:3193: checking for C compiler version
configure:3202: cc --version >&5
cc (GCC) 4.1.2 20080704 (Red Hat 4.1.2-48)
Copyright (C) 2006 Free Software Foundation, Inc.
This is free software; see the source for copying conditions.  There is NO
warranty; not even for MERCHANTABILITY or FITNESS FOR A PARTICULAR PURPOSE.

configure:3213: $? = 0
configure:3202: cc -v >&5
Using built-in specs.
Target: x86_64-redhat-linux
Configured with: ../configure --prefix=/usr --mandir=/usr/share/man --infodir=/usr/share/info --enable-shared --enable-threads=posix --enable-checking=release --with-system-zlib --enable-__cxa_atexit --disable-libunwind-exceptions --enable-libgcj-multifile --enable-languages=c,c++,objc,obj-c++,java,fortran,ada --enable-java-awt=gtk --disable-dssi --enable-plugin --with-java-home=/usr/lib/jvm/java-1.4.2-gcj-1.4.2.0/jre --with-cpu=generic --host=x86_64-redhat-linux
Thread model: posix
gcc version 4.1.2 20080704 (Red Hat 4.1.2-48)
configure:3213: $? = 0
configure:3202: cc -V >&5
cc: '-V' option must have argument
configure:3213: $? = 1
configure:3202: cc -qversion >&5
cc: unrecognized option '-qversion'
cc: no input files
configure:3213: $? = 1
configure:3233: checking whether the C compiler works
configure:3255: cc    conftest.c  >&5
configure:3259: $? = 0
configure:3307: result: yes
configure:3310: checking for C compiler default output file name
configure:3312: result: a.out
configure:3318: checking for suffix of executables
configure:3325: cc -o conftest    conftest.c  >&5
configure:3329: $? = 0
configure:3351: result: 
configure:3373: checking whether we are cross compiling
configure:3381: cc -o conftest    conftest.c  >&5
configure:3385: $? = 0
configure:3392: ./conftest
configure:3396: $? = 0
configure:3411: result: no
configure:3416: checking for suffix of object files
configure:3438: cc -c   conftest.c >&5
configure:3442: $? = 0
configure:3463: result: o
configure:3467: checking whether we are using the GNU C compiler
configure:3486: cc -c   conftest.c >&5
configure:3486: $? = 0
configure:3495: result: yes
configure:3504: checking whether cc accepts -g
configure:3524: cc -c -g  conftest.c >&5
configure:3524: $? = 0
configure:3565: result: yes
configure:3582: checking for cc option to accept ISO C89
configure:3646: cc  -c -g -O2  conftest.c >&5
configure:3646: $? = 0
configure:3659: result: none needed
configure:3685: checking how to run the C preprocessor
configure:3716: cc -E  conftest.c
configure:3716: $? = 0
configure:3730: cc -E  conftest.c
conftest.c:9:28: error: ac_nonexistent.h: No such file or directory
configure:3730: $? = 1
configure: failed program was:
| /* confdefs.h */
| #define PACKAGE_NAME ""
| #define PACKAGE_TARNAME ""
| #define PACKAGE_VERSION ""
| #define PACKAGE_STRING ""
| #define PACKAGE_BUGREPORT ""
| #define PACKAGE_URL ""
| /* end confdefs.h.  */
| #include <ac_nonexistent.h>
configure:3755: result: cc -E
configure:3775: cc -E  conftest.c
configure:3775: $? = 0
configure:3789: cc -E  conftest.c
conftest.c:9:28: error: ac_nonexistent.h: No such file or directory
configure:3789: $? = 1
configure: failed program was:
| /* confdefs.h */
| #define PACKAGE_NAME ""
| #define PACKAGE_TARNAME ""
| #define PACKAGE_VERSION ""
| #define PACKAGE_STRING ""
| #define PACKAGE_BUGREPORT ""
| #define PACKAGE_URL ""
| /* end confdefs.h.  */
| #include <ac_nonexistent.h>
configure:3820: checking for icc
configure:3829: result: no
configure:3843: checking for suncc
configure:3852: result: no
configure:3870: checking whether cc understands -c and -o together
configure:3898: cc -c conftest.c -o conftest2.o >&5
configure:3902: $? = 0
configure:3908: cc -c conftest.c -o conftest2.o >&5
configure:3912: $? = 0
configure:3967: result: yes
configure:3981: checking for system library directory
configure:3996: result: lib
configure:4003: checking if compiler supports -R
configure:4022: cc -o conftest -g -O2   conftest.c -R /usr/lib  >&5
cc: unrecognized option '-R'
/usr/lib: file not recognized: Is a directory
collect2: ld returned 1 exit status
configure:4022: $? = 1
configure: failed program was:
| /* confdefs.h */
| #define PACKAGE_NAME ""
| #define PACKAGE_TARNAME ""
| #define PACKAGE_VERSION ""
| #define PACKAGE_STRING ""
| #define PACKAGE_BUGREPORT ""
| #define PACKAGE_URL ""
| /* end confdefs.h.  */
| 
| int
| main ()
| {
| 
|   ;
|   return 0;
| }
configure:4032: result: no
configure:4037: checking if compiler supports -Wl,-rpath,
configure:4056: cc -o conftest -g -O2   conftest.c -Wl,-rpath,/usr/lib  >&5
configure:4056: $? = 0
configure:4066: result: yes
configure:4111: checking build system type
configure:4125: result: x86_64-redhat-linux-gnu
configure:4145: checking host system type
configure:4158: result: x86_64-redhat-linux-gnu
configure:4178: checking target system type
configure:4191: result: x86_64-redhat-linux-gnu
configure:4294: checking for PHP prefix
configure:4296: result: /usr
configure:4298: checking for PHP includes
configure:4300: result: -I/usr/include/php -I/usr/include/php/main -I/usr/include/php/TSRM -I/usr/include/php/Zend -I/usr/include/php/ext -I/usr/include/php/ext/date/lib
configure:4302: checking for PHP extension directory
configure:4304: result: /usr/lib64/php/modules
configure:4306: checking for PHP installed headers prefix
configure:4308: result: /usr/include/php
configure:4311: checking if debug is enabled
configure:4337: result: no
configure:4340: checking if zts is enabled
configure:4366: result: no
configure:4440: checking for re2c
configure:4470: result: no
configure:4495: WARNING: You will need re2c 0.13.4 or later if you want to regenerate PHP parsers.
configure:4509: checking for gawk
configure:4526: found /bin/gawk
configure:4537: result: gawk
configure:4581: checking Location of the expat library source files
configure:4621: result: yes, shared
configure:4630: checking Location of the exempi library source files
configure:4670: result: yes, shared
configure:4679: checking Whether to enable XMP support in PHP
configure:4718: result: yes, shared
configure:4883: checking for xmp_init in -lexempi
configure:4908: cc -o conftest -g -O2  -Wl,-rpath,/var/www/vhosts/mainstreetnw.com/gallery/sites/all/libraries/php_ext/exempidir/lib -L/var/www/vhosts/mainstreetnw.com/gallery/sites/all/libraries/php_ext/exempidir/lib  -lm -ldl conftest.c -lexempi   >&5
/usr/bin/ld: cannot find -lexempi
collect2: ld returned 1 exit status
configure:4908: $? = 1
configure: failed program was:
| /* confdefs.h */
| #define PACKAGE_NAME ""
| #define PACKAGE_TARNAME ""
| #define PACKAGE_VERSION ""
| #define PACKAGE_STRING ""
| #define PACKAGE_BUGREPORT ""
| #define PACKAGE_URL ""
| /* end confdefs.h.  */
| 
| /* Override any GCC internal prototype to avoid an error.
|    Use char because int might match the return type of a GCC
|    builtin and then its argument prototype would still apply.  */
| #ifdef __cplusplus
| extern "C"
| #endif
| char xmp_init ();
| int
| main ()
| {
| return xmp_init ();
|   ;
|   return 0;
| }
configure:4918: result: no
configure:5036: error: wrong exempi library version or library not found

## ---------------- ##
## Cache variables. ##
## ---------------- ##

ac_cv_build=x86_64-redhat-linux-gnu
ac_cv_c_compiler_gnu=yes
ac_cv_env_CCC_set=
ac_cv_env_CCC_value=
ac_cv_env_CC_set=
ac_cv_env_CC_value=
ac_cv_env_CFLAGS_set=
ac_cv_env_CFLAGS_value=
ac_cv_env_CPPFLAGS_set=
ac_cv_env_CPPFLAGS_value=
ac_cv_env_CPP_set=
ac_cv_env_CPP_value=
ac_cv_env_CXXCPP_set=
ac_cv_env_CXXCPP_value=
ac_cv_env_CXXFLAGS_set=
ac_cv_env_CXXFLAGS_value=
ac_cv_env_CXX_set=
ac_cv_env_CXX_value=
ac_cv_env_F77_set=
ac_cv_env_F77_value=
ac_cv_env_FFLAGS_set=
ac_cv_env_FFLAGS_value=
ac_cv_env_LDFLAGS_set=
ac_cv_env_LDFLAGS_value=
ac_cv_env_LIBS_set=
ac_cv_env_LIBS_value=
ac_cv_env_build_alias_set=
ac_cv_env_build_alias_value=
ac_cv_env_host_alias_set=
ac_cv_env_host_alias_value=
ac_cv_env_target_alias_set=
ac_cv_env_target_alias_value=
ac_cv_host=x86_64-redhat-linux-gnu
ac_cv_lib_exempi___xmp_init=no
ac_cv_objext=o
ac_cv_path_EGREP='/bin/grep -E'
ac_cv_path_GREP=/bin/grep
ac_cv_prog_AWK=gawk
ac_cv_prog_CPP='cc -E'
ac_cv_prog_ac_ct_CC=cc
ac_cv_prog_cc_c89=
ac_cv_prog_cc_cc_c_o=yes
ac_cv_prog_cc_g=yes
ac_cv_target=x86_64-redhat-linux-gnu
lt_cv_path_SED=/bin/sed
php_cv_cc_dashr=no
php_cv_cc_rpath=yes

## ----------------- ##
## Output variables. ##
## ----------------- ##

AR=''
AWK='gawk'
CC='cc'
CFLAGS='-g -O2'
CONFIGURE_COMMAND=' '\''./configure'\''  '\''--with-exempi=exempidir'\'' '\''--with-expat'\'' '\''--enable-xmp'\'' '\''--with-php-config=php-config'\'''
CONFIGURE_OPTIONS=' '\''--with-exempi=exempidir'\'' '\''--with-expat'\'' '\''--enable-xmp'\'' '\''--with-php-config=php-config'\'''
CPP='cc -E'
CPPFLAGS=''
CXX=''
CXXCPP=''
CXXFLAGS=''
DEFS=''
ECHO='echo'
ECHO_C=''
ECHO_N='-n'
ECHO_T=''
EGREP='/bin/grep -E'
EXEEXT=''
F77=''
FFLAGS=''
GREP='/bin/grep'
LDFLAGS=''
LIBOBJS=''
LIBS=''
LIBTOOL=''
LN_S=''
LTLIBOBJS=''
OBJEXT='o'
PACKAGE_BUGREPORT=''
PACKAGE_NAME=''
PACKAGE_STRING=''
PACKAGE_TARNAME=''
PACKAGE_URL=''
PACKAGE_VERSION=''
PATH_SEPARATOR=':'
RANLIB=''
RE2C='exit 0;'
SED='/bin/sed'
SHELL='/bin/sh'
SHLIB_DL_SUFFIX_NAME='so'
SHLIB_SUFFIX_NAME='so'
STRIP=''
ac_ct_CC='cc'
ac_ct_CXX=''
ac_ct_F77=''
bindir='${exec_prefix}/bin'
build='x86_64-redhat-linux-gnu'
build_alias=''
build_cpu='x86_64'
build_os='linux-gnu'
build_vendor='redhat'
datadir='${datarootdir}'
datarootdir='${prefix}/share'
docdir='${datarootdir}/doc/${PACKAGE}'
dvidir='${docdir}'
exec_prefix='NONE'
host='x86_64-redhat-linux-gnu'
host_alias='x86_64-redhat-linux-gnu'
host_cpu='x86_64'
host_os='linux-gnu'
host_vendor='redhat'
htmldir='${docdir}'
includedir='${prefix}/include'
infodir='${datarootdir}/info'
libdir='${exec_prefix}/lib'
libexecdir='${exec_prefix}/libexec'
localedir='${datarootdir}/locale'
localstatedir='${prefix}/var'
mandir='${datarootdir}/man'
oldincludedir='/usr/include'
pdfdir='${docdir}'
prefix='/usr'
program_transform_name='s,x,x,'
psdir='${docdir}'
sbindir='${exec_prefix}/sbin'
sharedstatedir='${prefix}/com'
sysconfdir='${prefix}/etc'
target='x86_64-redhat-linux-gnu'
target_alias=''
target_cpu='x86_64'
target_os='linux-gnu'
target_vendor='redhat'

## ----------- ##
## confdefs.h. ##
## ----------- ##

/* confdefs.h */
#define PACKAGE_NAME ""
#define PACKAGE_TARNAME ""
#define PACKAGE_VERSION ""
#define PACKAGE_STRING ""
#define PACKAGE_BUGREPORT ""
#define PACKAGE_URL ""

configure: exit 1
