This file contains any messages produced by compilers while
running configure, to aid debugging if configure makes a mistake.

It was created by configure, which was
generated by GNU Autoconf 2.63.  Invocation command line was

  $ ./configure 

## --------- ##
## Platform. ##
## --------- ##

hostname = dv40.theogdengroup.net
uname -m = x86_64
uname -r = 2.6.18-028stab070.14
uname -s = Linux
uname -v = #1 SMP Thu Nov 18 16:04:02 MSK 2010

/usr/bin/uname -p = unknown
/bin/uname -X     = unknown

/bin/arch              = x86_64
/usr/bin/arch -k       = unknown
/usr/convex/getsysinfo = unknown
/usr/bin/hostinfo      = unknown
/bin/machine           = unknown
/usr/bin/oslevel       = unknown
/bin/universe          = unknown

PATH: /usr/kerberos/sbin
PATH: /usr/kerberos/bin
PATH: /usr/local/sbin
PATH: /usr/local/bin
PATH: /sbin
PATH: /bin
PATH: /usr/sbin
PATH: /usr/bin
PATH: /root/bin


## ----------- ##
## Core tests. ##
## ----------- ##

configure:2105: checking for a BSD-compatible install
configure:2173: result: /usr/bin/install -c
configure:2184: checking whether build environment is sane
configure:2227: result: yes
configure:2252: checking for a thread-safe mkdir -p
configure:2291: result: /bin/mkdir -p
configure:2304: checking for gawk
configure:2320: found /bin/gawk
configure:2331: result: gawk
configure:2342: checking whether make sets $(MAKE)
configure:2364: result: yes
configure:2548: checking whether to enable maintainer-specific portions of Makefiles
configure:2557: result: no
configure:2641: checking for gcc
configure:2657: found /usr/bin/gcc
configure:2668: result: gcc
configure:2900: checking for C compiler version
configure:2908: gcc --version >&5
gcc (GCC) 4.1.2 20080704 (Red Hat 4.1.2-48)
Copyright (C) 2006 Free Software Foundation, Inc.
This is free software; see the source for copying conditions.  There is NO
warranty; not even for MERCHANTABILITY or FITNESS FOR A PARTICULAR PURPOSE.

configure:2912: $? = 0
configure:2919: gcc -v >&5
Using built-in specs.
Target: x86_64-redhat-linux
Configured with: ../configure --prefix=/usr --mandir=/usr/share/man --infodir=/usr/share/info --enable-shared --enable-threads=posix --enable-checking=release --with-system-zlib --enable-__cxa_atexit --disable-libunwind-exceptions --enable-libgcj-multifile --enable-languages=c,c++,objc,obj-c++,java,fortran,ada --enable-java-awt=gtk --disable-dssi --enable-plugin --with-java-home=/usr/lib/jvm/java-1.4.2-gcj-1.4.2.0/jre --with-cpu=generic --host=x86_64-redhat-linux
Thread model: posix
gcc version 4.1.2 20080704 (Red Hat 4.1.2-48)
configure:2923: $? = 0
configure:2930: gcc -V >&5
gcc: '-V' option must have argument
configure:2934: $? = 1
configure:2957: checking for C compiler default output file name
configure:2979: gcc    conftest.c  >&5
configure:2983: $? = 0
configure:3021: result: a.out
configure:3040: checking whether the C compiler works
configure:3050: ./a.out
configure:3054: $? = 0
configure:3073: result: yes
configure:3080: checking whether we are cross compiling
configure:3082: result: no
configure:3085: checking for suffix of executables
configure:3092: gcc -o conftest    conftest.c  >&5
configure:3096: $? = 0
configure:3122: result: 
configure:3128: checking for suffix of object files
configure:3154: gcc -c   conftest.c >&5
configure:3158: $? = 0
configure:3183: result: o
configure:3187: checking whether we are using the GNU C compiler
configure:3216: gcc -c   conftest.c >&5
configure:3223: $? = 0
configure:3240: result: yes
configure:3249: checking whether gcc accepts -g
configure:3279: gcc -c -g  conftest.c >&5
configure:3286: $? = 0
configure:3387: result: yes
configure:3404: checking for gcc option to accept ISO C89
configure:3478: gcc  -c -g -O2  conftest.c >&5
configure:3485: $? = 0
configure:3508: result: none needed
configure:3537: checking for style of include used by make
configure:3565: result: GNU
configure:3590: checking dependency style of gcc
configure:3681: result: gcc3
configure:3754: checking for g++
configure:3770: found /usr/bin/g++
configure:3781: result: g++
configure:3808: checking for C++ compiler version
configure:3816: g++ --version >&5
g++ (GCC) 4.1.2 20080704 (Red Hat 4.1.2-48)
Copyright (C) 2006 Free Software Foundation, Inc.
This is free software; see the source for copying conditions.  There is NO
warranty; not even for MERCHANTABILITY or FITNESS FOR A PARTICULAR PURPOSE.

configure:3820: $? = 0
configure:3827: g++ -v >&5
Using built-in specs.
Target: x86_64-redhat-linux
Configured with: ../configure --prefix=/usr --mandir=/usr/share/man --infodir=/usr/share/info --enable-shared --enable-threads=posix --enable-checking=release --with-system-zlib --enable-__cxa_atexit --disable-libunwind-exceptions --enable-libgcj-multifile --enable-languages=c,c++,objc,obj-c++,java,fortran,ada --enable-java-awt=gtk --disable-dssi --enable-plugin --with-java-home=/usr/lib/jvm/java-1.4.2-gcj-1.4.2.0/jre --with-cpu=generic --host=x86_64-redhat-linux
Thread model: posix
gcc version 4.1.2 20080704 (Red Hat 4.1.2-48)
configure:3831: $? = 0
configure:3838: g++ -V >&5
g++: '-V' option must have argument
configure:3842: $? = 1
configure:3845: checking whether we are using the GNU C++ compiler
configure:3874: g++ -c   conftest.cpp >&5
configure:3881: $? = 0
configure:3898: result: yes
configure:3907: checking whether g++ accepts -g
configure:3937: g++ -c -g  conftest.cpp >&5
configure:3944: $? = 0
configure:4045: result: yes
configure:4070: checking dependency style of g++
configure:4161: result: gcc3
configure:4207: checking build system type
configure:4225: result: x86_64-unknown-linux-gnu
configure:4247: checking host system type
configure:4262: result: x86_64-unknown-linux-gnu
configure:4284: checking for a sed that does not truncate output
configure:4350: result: /bin/sed
configure:4368: checking for grep that handles long lines and -e
configure:4428: result: /bin/grep
configure:4433: checking for egrep
configure:4497: result: /bin/grep -E
configure:4502: checking for fgrep
configure:4566: result: /bin/grep -F
configure:4601: checking for ld used by gcc
configure:4668: result: /usr/bin/ld
configure:4677: checking if the linker (/usr/bin/ld) is GNU ld
configure:4692: result: yes
configure:4704: checking for BSD- or MS-compatible name lister (nm)
configure:4753: result: /usr/bin/nm -B
configure:4871: checking the name lister (/usr/bin/nm -B) interface
configure:4878: gcc -c -g -O2  conftest.c >&5
configure:4881: /usr/bin/nm -B "conftest.o"
configure:4884: output
0000000000000000 B some_variable
configure:4891: result: BSD nm
configure:4894: checking whether ln -s works
configure:4898: result: yes
configure:4906: checking the maximum length of command line arguments
configure:5026: result: 98304
configure:5043: checking whether the shell understands some XSI constructs
configure:5053: result: yes
configure:5057: checking whether the shell understands "+="
configure:5063: result: yes
configure:5098: checking for /usr/bin/ld option to reload object files
configure:5105: result: -r
configure:5174: checking for objdump
configure:5190: found /usr/bin/objdump
configure:5201: result: objdump
configure:5233: checking how to recognize dependent libraries
configure:5429: result: pass_all
configure:5489: checking for ar
configure:5505: found /usr/bin/ar
configure:5516: result: ar
configure:5594: checking for strip
configure:5610: found /usr/bin/strip
configure:5621: result: strip
configure:5693: checking for ranlib
configure:5709: found /usr/bin/ranlib
configure:5720: result: ranlib
configure:5810: checking command to parse /usr/bin/nm -B output from gcc object
configure:5928: gcc -c -g -O2  conftest.c >&5
configure:5931: $? = 0
configure:5935: /usr/bin/nm -B conftest.o \| sed -n -e 's/^.*[	 ]\([ABCDGIRSTW][ABCDGIRSTW]*\)[	 ][	 ]*\([_A-Za-z][_A-Za-z0-9]*\)$/\1 \2 \2/p' \> conftest.nm
configure:5938: $? = 0
configure:5992: gcc -o conftest -g -O2   conftest.c conftstm.o >&5
configure:5995: $? = 0
configure:6033: result: ok
configure:6129: gcc -c -g -O2  conftest.c >&5
configure:6132: $? = 0
configure:6900: checking how to run the C preprocessor
configure:6940: gcc -E  conftest.c
configure:6947: $? = 0
configure:6978: gcc -E  conftest.c
conftest.c:10:28: error: ac_nonexistent.h: No such file or directory
configure:6985: $? = 1
configure: failed program was:
| /* confdefs.h.  */
| #define PACKAGE_NAME ""
| #define PACKAGE_TARNAME ""
| #define PACKAGE_VERSION ""
| #define PACKAGE_STRING ""
| #define PACKAGE_BUGREPORT ""
| #define PACKAGE "exempi"
| #define VERSION "2.1.1"
| /* end confdefs.h.  */
| #include <ac_nonexistent.h>
configure:7018: result: gcc -E
configure:7047: gcc -E  conftest.c
configure:7054: $? = 0
configure:7085: gcc -E  conftest.c
conftest.c:10:28: error: ac_nonexistent.h: No such file or directory
configure:7092: $? = 1
configure: failed program was:
| /* confdefs.h.  */
| #define PACKAGE_NAME ""
| #define PACKAGE_TARNAME ""
| #define PACKAGE_VERSION ""
| #define PACKAGE_STRING ""
| #define PACKAGE_BUGREPORT ""
| #define PACKAGE "exempi"
| #define VERSION "2.1.1"
| /* end confdefs.h.  */
| #include <ac_nonexistent.h>
configure:7132: checking for ANSI C header files
configure:7162: gcc -c -g -O2  conftest.c >&5
configure:7169: $? = 0
configure:7268: gcc -o conftest -g -O2   conftest.c  >&5
configure:7272: $? = 0
configure:7278: ./conftest
configure:7282: $? = 0
configure:7300: result: yes
configure:7324: checking for sys/types.h
configure:7345: gcc -c -g -O2  conftest.c >&5
configure:7352: $? = 0
configure:7369: result: yes
configure:7324: checking for sys/stat.h
configure:7345: gcc -c -g -O2  conftest.c >&5
configure:7352: $? = 0
configure:7369: result: yes
configure:7324: checking for stdlib.h
configure:7345: gcc -c -g -O2  conftest.c >&5
configure:7352: $? = 0
configure:7369: result: yes
configure:7324: checking for string.h
configure:7345: gcc -c -g -O2  conftest.c >&5
configure:7352: $? = 0
configure:7369: result: yes
configure:7324: checking for memory.h
configure:7345: gcc -c -g -O2  conftest.c >&5
configure:7352: $? = 0
configure:7369: result: yes
configure:7324: checking for strings.h
configure:7345: gcc -c -g -O2  conftest.c >&5
configure:7352: $? = 0
configure:7369: result: yes
configure:7324: checking for inttypes.h
configure:7345: gcc -c -g -O2  conftest.c >&5
configure:7352: $? = 0
configure:7369: result: yes
configure:7324: checking for stdint.h
configure:7345: gcc -c -g -O2  conftest.c >&5
configure:7352: $? = 0
configure:7369: result: yes
configure:7324: checking for unistd.h
configure:7345: gcc -c -g -O2  conftest.c >&5
configure:7352: $? = 0
configure:7369: result: yes
configure:7387: checking for dlfcn.h
configure:7408: gcc -c -g -O2  conftest.c >&5
configure:7415: $? = 0
configure:7432: result: yes
configure:7559: checking for C++ compiler version
configure:7567: g++ --version >&5
g++ (GCC) 4.1.2 20080704 (Red Hat 4.1.2-48)
Copyright (C) 2006 Free Software Foundation, Inc.
This is free software; see the source for copying conditions.  There is NO
warranty; not even for MERCHANTABILITY or FITNESS FOR A PARTICULAR PURPOSE.

configure:7571: $? = 0
configure:7578: g++ -v >&5
Using built-in specs.
Target: x86_64-redhat-linux
Configured with: ../configure --prefix=/usr --mandir=/usr/share/man --infodir=/usr/share/info --enable-shared --enable-threads=posix --enable-checking=release --with-system-zlib --enable-__cxa_atexit --disable-libunwind-exceptions --enable-libgcj-multifile --enable-languages=c,c++,objc,obj-c++,java,fortran,ada --enable-java-awt=gtk --disable-dssi --enable-plugin --with-java-home=/usr/lib/jvm/java-1.4.2-gcj-1.4.2.0/jre --with-cpu=generic --host=x86_64-redhat-linux
Thread model: posix
gcc version 4.1.2 20080704 (Red Hat 4.1.2-48)
configure:7582: $? = 0
configure:7589: g++ -V >&5
g++: '-V' option must have argument
configure:7593: $? = 1
configure:7596: checking whether we are using the GNU C++ compiler
configure:7649: result: yes
configure:7658: checking whether g++ accepts -g
configure:7796: result: yes
configure:7821: checking dependency style of g++
configure:7912: result: gcc3
configure:7935: checking how to run the C++ preprocessor
configure:7971: g++ -E  conftest.cpp
configure:7978: $? = 0
configure:8009: g++ -E  conftest.cpp
conftest.cpp:21:28: error: ac_nonexistent.h: No such file or directory
configure:8016: $? = 1
configure: failed program was:
| /* confdefs.h.  */
| #define PACKAGE_NAME ""
| #define PACKAGE_TARNAME ""
| #define PACKAGE_VERSION ""
| #define PACKAGE_STRING ""
| #define PACKAGE_BUGREPORT ""
| #define PACKAGE "exempi"
| #define VERSION "2.1.1"
| #define STDC_HEADERS 1
| #define HAVE_SYS_TYPES_H 1
| #define HAVE_SYS_STAT_H 1
| #define HAVE_STDLIB_H 1
| #define HAVE_STRING_H 1
| #define HAVE_MEMORY_H 1
| #define HAVE_STRINGS_H 1
| #define HAVE_INTTYPES_H 1
| #define HAVE_STDINT_H 1
| #define HAVE_UNISTD_H 1
| #define HAVE_DLFCN_H 1
| /* end confdefs.h.  */
| #include <ac_nonexistent.h>
configure:8049: result: g++ -E
configure:8078: g++ -E  conftest.cpp
configure:8085: $? = 0
configure:8116: g++ -E  conftest.cpp
conftest.cpp:21:28: error: ac_nonexistent.h: No such file or directory
configure:8123: $? = 1
configure: failed program was:
| /* confdefs.h.  */
| #define PACKAGE_NAME ""
| #define PACKAGE_TARNAME ""
| #define PACKAGE_VERSION ""
| #define PACKAGE_STRING ""
| #define PACKAGE_BUGREPORT ""
| #define PACKAGE "exempi"
| #define VERSION "2.1.1"
| #define STDC_HEADERS 1
| #define HAVE_SYS_TYPES_H 1
| #define HAVE_SYS_STAT_H 1
| #define HAVE_STDLIB_H 1
| #define HAVE_STRING_H 1
| #define HAVE_MEMORY_H 1
| #define HAVE_STRINGS_H 1
| #define HAVE_INTTYPES_H 1
| #define HAVE_STDINT_H 1
| #define HAVE_UNISTD_H 1
| #define HAVE_DLFCN_H 1
| /* end confdefs.h.  */
| #include <ac_nonexistent.h>
configure:8337: checking for objdir
configure:8352: result: .libs
configure:8648: checking if gcc supports -fno-rtti -fno-exceptions
configure:8666: gcc -c -g -O2  -fno-rtti -fno-exceptions conftest.c >&5
cc1: warning: command line option "-fno-rtti" is valid for C++/ObjC++ but not for C
configure:8670: $? = 0
configure:8683: result: no
configure:8703: checking for gcc option to produce PIC
configure:8975: result: -fPIC -DPIC
configure:8987: checking if gcc PIC flag -fPIC -DPIC works
configure:9005: gcc -c -g -O2  -fPIC -DPIC -DPIC conftest.c >&5
configure:9009: $? = 0
configure:9022: result: yes
configure:9046: checking if gcc static flag -static works
configure:9074: result: yes
configure:9089: checking if gcc supports -c -o file.o
configure:9110: gcc -c -g -O2  -o out/conftest2.o conftest.c >&5
configure:9114: $? = 0
configure:9136: result: yes
configure:9144: checking if gcc supports -c -o file.o
configure:9191: result: yes
configure:9224: checking whether the gcc linker (/usr/bin/ld -m elf_x86_64) supports shared libraries
configure:10298: result: yes
configure:10335: checking whether -lc should be explicitly linked in
configure:10340: gcc -c -g -O2  conftest.c >&5
configure:10343: $? = 0
configure:10358: gcc -shared conftest.o  -v -Wl,-soname -Wl,conftest -o conftest 2\>\&1 \| /bin/grep  -lc  \>/dev/null 2\>\&1
configure:10361: $? = 0
configure:10373: result: no
configure:10537: checking dynamic linker characteristics
configure:10980: gcc -o conftest -g -O2   -Wl,-rpath -Wl,/foo conftest.c  >&5
configure:10987: $? = 0
configure:11223: result: GNU/Linux ld.so
configure:11325: checking how to hardcode library paths into programs
configure:11350: result: immediate
configure:12183: checking whether stripping libraries is possible
configure:12188: result: yes
configure:12223: checking if libtool supports shared libraries
configure:12225: result: yes
configure:12228: checking whether to build shared libraries
configure:12249: result: yes
configure:12252: checking whether to build static libraries
configure:12256: result: yes
configure:12406: checking for ld used by g++
configure:12473: result: /usr/bin/ld -m elf_x86_64
configure:12482: checking if the linker (/usr/bin/ld -m elf_x86_64) is GNU ld
configure:12497: result: yes
configure:12552: checking whether the g++ linker (/usr/bin/ld -m elf_x86_64) supports shared libraries
configure:13527: result: yes
configure:13555: g++ -c -g -O2  conftest.cpp >&5
configure:13558: $? = 0
configure:13740: checking for g++ option to produce PIC
configure:14057: result: -fPIC -DPIC
configure:14066: checking if g++ PIC flag -fPIC -DPIC works
configure:14084: g++ -c -g -O2  -fPIC -DPIC -DPIC conftest.cpp >&5
configure:14088: $? = 0
configure:14101: result: yes
configure:14122: checking if g++ static flag -static works
configure:14150: result: yes
configure:14162: checking if g++ supports -c -o file.o
configure:14183: g++ -c -g -O2  -o out/conftest2.o conftest.cpp >&5
configure:14187: $? = 0
configure:14209: result: yes
configure:14214: checking if g++ supports -c -o file.o
configure:14261: result: yes
configure:14291: checking whether the g++ linker (/usr/bin/ld -m elf_x86_64) supports shared libraries
configure:14317: result: yes
configure:14454: checking dynamic linker characteristics
configure:14845: g++ -o conftest -g -O2   -Wl,-rpath -Wl,/foo conftest.cpp  >&5
configure:14852: $? = 0
configure:15088: result: GNU/Linux ld.so
configure:15139: checking how to hardcode library paths into programs
configure:15164: result: immediate
configure:15224: checking whether byte ordering is bigendian
configure:15249: gcc -c -g -O2  conftest.c >&5
conftest.c:23: error: expected '=', ',', ';', 'asm' or '__attribute__' before 'a'
configure:15256: $? = 1
configure: failed program was:
| /* confdefs.h.  */
| #define PACKAGE_NAME ""
| #define PACKAGE_TARNAME ""
| #define PACKAGE_VERSION ""
| #define PACKAGE_STRING ""
| #define PACKAGE_BUGREPORT ""
| #define PACKAGE "exempi"
| #define VERSION "2.1.1"
| #define STDC_HEADERS 1
| #define HAVE_SYS_TYPES_H 1
| #define HAVE_SYS_STAT_H 1
| #define HAVE_STDLIB_H 1
| #define HAVE_STRING_H 1
| #define HAVE_MEMORY_H 1
| #define HAVE_STRINGS_H 1
| #define HAVE_INTTYPES_H 1
| #define HAVE_STDINT_H 1
| #define HAVE_UNISTD_H 1
| #define HAVE_DLFCN_H 1
| #define LT_OBJDIR ".libs/"
| /* end confdefs.h.  */
| #ifndef __APPLE_CC__
| 	       not a universal capable compiler
| 	     #endif
| 	     typedef int dummy;
| 
configure:15306: gcc -c -g -O2  conftest.c >&5
configure:15313: $? = 0
configure:15345: gcc -c -g -O2  conftest.c >&5
conftest.c: In function 'main':
conftest.c:29: error: 'not' undeclared (first use in this function)
conftest.c:29: error: (Each undeclared identifier is reported only once
conftest.c:29: error: for each function it appears in.)
conftest.c:29: error: expected ';' before 'big'
configure:15352: $? = 1
configure: failed program was:
| /* confdefs.h.  */
| #define PACKAGE_NAME ""
| #define PACKAGE_TARNAME ""
| #define PACKAGE_VERSION ""
| #define PACKAGE_STRING ""
| #define PACKAGE_BUGREPORT ""
| #define PACKAGE "exempi"
| #define VERSION "2.1.1"
| #define STDC_HEADERS 1
| #define HAVE_SYS_TYPES_H 1
| #define HAVE_SYS_STAT_H 1
| #define HAVE_STDLIB_H 1
| #define HAVE_STRING_H 1
| #define HAVE_MEMORY_H 1
| #define HAVE_STRINGS_H 1
| #define HAVE_INTTYPES_H 1
| #define HAVE_STDINT_H 1
| #define HAVE_UNISTD_H 1
| #define HAVE_DLFCN_H 1
| #define LT_OBJDIR ".libs/"
| /* end confdefs.h.  */
| #include <sys/types.h>
| 		#include <sys/param.h>
| 
| int
| main ()
| {
| #if BYTE_ORDER != BIG_ENDIAN
| 		 not big endian
| 		#endif
| 
|   ;
|   return 0;
| }
configure:15604: result: no
configure:15670: checking expat.h usability
configure:15687: gcc -c -g -O2  conftest.c >&5
configure:15694: $? = 0
configure:15708: result: yes
configure:15712: checking expat.h presence
configure:15727: gcc -E  conftest.c
configure:15734: $? = 0
configure:15748: result: yes
configure:15776: checking for expat.h
configure:15783: result: yes
configure:15806: checking iconv.h usability
configure:15823: gcc -c -g -O2  conftest.c >&5
configure:15830: $? = 0
configure:15844: result: yes
configure:15848: checking iconv.h presence
configure:15863: gcc -E  conftest.c
configure:15870: $? = 0
configure:15884: result: yes
configure:15912: checking for iconv.h
configure:15919: result: yes
configure:15942: checking zlib.h usability
configure:15959: gcc -c -g -O2  conftest.c >&5
configure:15966: $? = 0
configure:15980: result: yes
configure:15984: checking zlib.h presence
configure:15999: gcc -E  conftest.c
configure:16006: $? = 0
configure:16020: result: yes
configure:16048: checking for zlib.h
configure:16055: result: yes
configure:16069: checking for iconv declaration
configure:16108: gcc -c -g -O2  conftest.c >&5
configure:16115: $? = 0
configure:16134: result: 
         extern size_t iconv (iconv_t cd, char * *inbuf, size_t *inbytesleft, char * *outbuf, size_t *outbytesleft);
configure:16145: checking for thread local storage (TLS) class
configure:16182: gcc -c -g -O2  conftest.c >&5
configure:16189: $? = 0
configure:16217: result: __thread
configure:16238: checking whether the linker accepts the -Wl,--retain-symbols-file=_ac_foo.sym flag
configure:16272: gcc -o conftest -g -O2   -Wl,--retain-symbols-file=_ac_foo.sym conftest.c  >&5
configure:16279: $? = 0
configure:16311: result: yes
configure:16360: checking for Boost headers version >= 1.33.0
configure:16456: result: no
configure:16460: error: Could not find Boost headers version >= 1.33.0

## ---------------- ##
## Cache variables. ##
## ---------------- ##

ac_cv_build=x86_64-unknown-linux-gnu
ac_cv_c_bigendian=no
ac_cv_c_compiler_gnu=yes
ac_cv_cxx_compiler_gnu=yes
ac_cv_env_CCC_set=
ac_cv_env_CCC_value=
ac_cv_env_CC_set=
ac_cv_env_CC_value=
ac_cv_env_CFLAGS_set=
ac_cv_env_CFLAGS_value=
ac_cv_env_CPPFLAGS_set=
ac_cv_env_CPPFLAGS_value=
ac_cv_env_CPP_set=
ac_cv_env_CPP_value=
ac_cv_env_CXXCPP_set=
ac_cv_env_CXXCPP_value=
ac_cv_env_CXXFLAGS_set=
ac_cv_env_CXXFLAGS_value=
ac_cv_env_CXX_set=
ac_cv_env_CXX_value=
ac_cv_env_LDFLAGS_set=
ac_cv_env_LDFLAGS_value=
ac_cv_env_LIBS_set=
ac_cv_env_LIBS_value=
ac_cv_env_build_alias_set=
ac_cv_env_build_alias_value=
ac_cv_env_host_alias_set=
ac_cv_env_host_alias_value=
ac_cv_env_target_alias_set=
ac_cv_env_target_alias_value=
ac_cv_header_dlfcn_h=yes
ac_cv_header_expat_h=yes
ac_cv_header_iconv_h=yes
ac_cv_header_inttypes_h=yes
ac_cv_header_memory_h=yes
ac_cv_header_stdc=yes
ac_cv_header_stdint_h=yes
ac_cv_header_stdlib_h=yes
ac_cv_header_string_h=yes
ac_cv_header_strings_h=yes
ac_cv_header_sys_stat_h=yes
ac_cv_header_sys_types_h=yes
ac_cv_header_unistd_h=yes
ac_cv_header_zlib_h=yes
ac_cv_host=x86_64-unknown-linux-gnu
ac_cv_objext=o
ac_cv_path_EGREP='/bin/grep -E'
ac_cv_path_FGREP='/bin/grep -F'
ac_cv_path_GREP=/bin/grep
ac_cv_path_SED=/bin/sed
ac_cv_path_install='/usr/bin/install -c'
ac_cv_path_mkdir=/bin/mkdir
ac_cv_prog_AWK=gawk
ac_cv_prog_CPP='gcc -E'
ac_cv_prog_CXXCPP='g++ -E'
ac_cv_prog_ac_ct_AR=ar
ac_cv_prog_ac_ct_CC=gcc
ac_cv_prog_ac_ct_CXX=g++
ac_cv_prog_ac_ct_OBJDUMP=objdump
ac_cv_prog_ac_ct_RANLIB=ranlib
ac_cv_prog_ac_ct_STRIP=strip
ac_cv_prog_cc_c89=
ac_cv_prog_cc_g=yes
ac_cv_prog_cxx_g=yes
ac_cv_prog_make_make_set=yes
ac_cv_tls=__thread
am_cv_CC_dependencies_compiler_type=gcc3
am_cv_CXX_dependencies_compiler_type=gcc3
am_cv_proto_iconv='extern size_t iconv (iconv_t cd, char * *inbuf, size_t *inbytesleft, char * *outbuf, size_t *outbytesleft);'
am_cv_proto_iconv_arg1=
ax_cv_ld_check_flag__Wl___retain_symbols_file__ac_foo_sym=yes
boost_cv_inc_path=no
lt_cv_deplibs_check_method=pass_all
lt_cv_file_magic_cmd='$MAGIC_CMD'
lt_cv_file_magic_test_file=
lt_cv_ld_reload_flag=-r
lt_cv_nm_interface='BSD nm'
lt_cv_objdir=.libs
lt_cv_path_LD=/usr/bin/ld
lt_cv_path_LDCXX='/usr/bin/ld -m elf_x86_64'
lt_cv_path_NM='/usr/bin/nm -B'
lt_cv_prog_compiler_c_o=yes
lt_cv_prog_compiler_c_o_CXX=yes
lt_cv_prog_compiler_pic_works=yes
lt_cv_prog_compiler_pic_works_CXX=yes
lt_cv_prog_compiler_rtti_exceptions=no
lt_cv_prog_compiler_static_works=yes
lt_cv_prog_compiler_static_works_CXX=yes
lt_cv_prog_gnu_ld=yes
lt_cv_prog_gnu_ldcxx=yes
lt_cv_sys_global_symbol_pipe='sed -n -e '\''s/^.*[	 ]\([ABCDGIRSTW][ABCDGIRSTW]*\)[	 ][	 ]*\([_A-Za-z][_A-Za-z0-9]*\)$/\1 \2 \2/p'\'''
lt_cv_sys_global_symbol_to_c_name_address='sed -n -e '\''s/^: \([^ ]*\) $/  {\"\1\", (void *) 0},/p'\'' -e '\''s/^[ABCDGIRSTW]* \([^ ]*\) \([^ ]*\)$/  {"\2", (void *) \&\2},/p'\'''
lt_cv_sys_global_symbol_to_c_name_address_lib_prefix='sed -n -e '\''s/^: \([^ ]*\) $/  {\"\1\", (void *) 0},/p'\'' -e '\''s/^[ABCDGIRSTW]* \([^ ]*\) \(lib[^ ]*\)$/  {"\2", (void *) \&\2},/p'\'' -e '\''s/^[ABCDGIRSTW]* \([^ ]*\) \([^ ]*\)$/  {"lib\2", (void *) \&\2},/p'\'''
lt_cv_sys_global_symbol_to_cdecl='sed -n -e '\''s/^T .* \(.*\)$/extern int \1();/p'\'' -e '\''s/^[ABCDGIRSTW]* .* \(.*\)$/extern char \1;/p'\'''
lt_cv_sys_max_cmd_len=98304

## ----------------- ##
## Output variables. ##
## ----------------- ##

ACLOCAL='${SHELL} /var/www/vhosts/mainstreetnw.com/gallery/sites/all/libraries/exempi/missing --run aclocal-1.10'
AMDEPBACKSLASH='\'
AMDEP_FALSE='#'
AMDEP_TRUE=''
AMTAR='${SHELL} /var/www/vhosts/mainstreetnw.com/gallery/sites/all/libraries/exempi/missing --run tar'
AM_MAKEFLAGS=''
AR='ar'
AUTOCONF='${SHELL} /var/www/vhosts/mainstreetnw.com/gallery/sites/all/libraries/exempi/missing --run autoconf'
AUTOHEADER='${SHELL} /var/www/vhosts/mainstreetnw.com/gallery/sites/all/libraries/exempi/missing --run autoheader'
AUTOMAKE='${SHELL} /var/www/vhosts/mainstreetnw.com/gallery/sites/all/libraries/exempi/missing --run automake-1.10'
AWK='gawk'
BOOST_CPPFLAGS=''
BOOST_UNIT_TEST_FRAMEWORK_LDFLAGS=''
BOOST_UNIT_TEST_FRAMEWORK_LIBS=''
CC='gcc'
CCDEPMODE='depmode=gcc3'
CFLAGS='-g -O2'
CPP='gcc -E'
CPPFLAGS=''
CXX='g++'
CXXCPP='g++ -E'
CXXDEPMODE='depmode=gcc3'
CXXFLAGS='-g -O2'
CYGPATH_W='echo'
DEFS=''
DEPDIR='.deps'
DISTCHECK_CONFIGURE_FLAGS=' '\''--with-boost='\'''
DSYMUTIL=''
DUMPBIN=''
ECHO_C=''
ECHO_N='-n'
ECHO_T=''
EGREP='/bin/grep -E'
EXEEXT=''
EXEMPI_AGE='2'
EXEMPI_CURRENT='5'
EXEMPI_CURRENT_MIN='3'
EXEMPI_INCLUDE_BASE='exempi-2.0'
EXEMPI_MAJOR_VERSION='2.0'
EXEMPI_PLATFORM_DEF=''
EXEMPI_REVISION='1'
EXEMPI_VERSION_INFO='5:1:2'
FGREP='/bin/grep -F'
GREP='/bin/grep'
HAVE_SYMBOLS_FILE_FALSE='#'
HAVE_SYMBOLS_FILE_TRUE=''
INSTALL_DATA='${INSTALL} -m 644'
INSTALL_PROGRAM='${INSTALL}'
INSTALL_SCRIPT='${INSTALL}'
INSTALL_STRIP_PROGRAM='$(install_sh) -c -s'
LD='/usr/bin/ld -m elf_x86_64'
LDFLAGS=''
LIBOBJS=''
LIBS=''
LIBTOOL='$(SHELL) $(top_builddir)/libtool'
LIPO=''
LN_S='ln -s'
LTLIBOBJS=''
MAINT='#'
MAINTAINER_MODE_FALSE=''
MAINTAINER_MODE_TRUE='#'
MAKEFLAGS=''
MAKEINFO='${SHELL} /var/www/vhosts/mainstreetnw.com/gallery/sites/all/libraries/exempi/missing --run makeinfo'
MKDIR_P='/bin/mkdir -p'
NM='/usr/bin/nm -B'
NMEDIT=''
OBJDUMP='objdump'
OBJEXT='o'
OTOOL64=''
OTOOL=''
PACKAGE='exempi'
PACKAGE_BUGREPORT=''
PACKAGE_NAME=''
PACKAGE_STRING=''
PACKAGE_TARNAME=''
PACKAGE_VERSION=''
PATH_SEPARATOR=':'
RANLIB='ranlib'
SED='/bin/sed'
SET_MAKE=''
SHAVE_SAVED_CC=''
SHAVE_SAVED_CXX=''
SHAVE_SAVED_LIBTOOL=''
SHELL='/bin/sh'
STRIP='strip'
VALGRIND=''
VERSION='2.1.1'
WITH_UNIT_TEST_FALSE=''
WITH_UNIT_TEST_TRUE=''
ac_ct_CC='gcc'
ac_ct_CXX='g++'
ac_ct_DUMPBIN=''
am__fastdepCC_FALSE='#'
am__fastdepCC_TRUE=''
am__fastdepCXX_FALSE='#'
am__fastdepCXX_TRUE=''
am__include='include'
am__isrc=''
am__leading_dot='.'
am__quote=''
am__tar='${AMTAR} chof - "$$tardir"'
am__untar='${AMTAR} xf -'
bindir='${exec_prefix}/bin'
build='x86_64-unknown-linux-gnu'
build_alias=''
build_cpu='x86_64'
build_os='linux-gnu'
build_vendor='unknown'
datadir='${datarootdir}'
datarootdir='${prefix}/share'
docdir='${datarootdir}/doc/${PACKAGE}'
dvidir='${docdir}'
exec_prefix='NONE'
host='x86_64-unknown-linux-gnu'
host_alias=''
host_cpu='x86_64'
host_os='linux-gnu'
host_vendor='unknown'
htmldir='${docdir}'
includedir='${prefix}/include'
infodir='${datarootdir}/info'
install_sh='$(SHELL) /var/www/vhosts/mainstreetnw.com/gallery/sites/all/libraries/exempi/install-sh'
libdir='${exec_prefix}/lib'
libexecdir='${exec_prefix}/libexec'
localedir='${datarootdir}/locale'
localstatedir='${prefix}/var'
lt_ECHO='echo'
mandir='${datarootdir}/man'
mkdir_p='/bin/mkdir -p'
oldincludedir='/usr/include'
pdfdir='${docdir}'
pkgconfigdir='${libdir}/pkgconfig'
prefix='NONE'
program_transform_name='s,x,x,'
psdir='${docdir}'
sbindir='${exec_prefix}/sbin'
sharedstatedir='${prefix}/com'
shavedir=''
sysconfdir='${prefix}/etc'
target_alias=''

## ----------- ##
## confdefs.h. ##
## ----------- ##

#define PACKAGE_NAME ""
#define PACKAGE_TARNAME ""
#define PACKAGE_VERSION ""
#define PACKAGE_STRING ""
#define PACKAGE_BUGREPORT ""
#define PACKAGE "exempi"
#define VERSION "2.1.1"
#define STDC_HEADERS 1
#define HAVE_SYS_TYPES_H 1
#define HAVE_SYS_STAT_H 1
#define HAVE_STDLIB_H 1
#define HAVE_STRING_H 1
#define HAVE_MEMORY_H 1
#define HAVE_STRINGS_H 1
#define HAVE_INTTYPES_H 1
#define HAVE_STDINT_H 1
#define HAVE_UNISTD_H 1
#define HAVE_DLFCN_H 1
#define LT_OBJDIR ".libs/"
#define CHECKED_ENDIANNESS 1
#define ICONV_CONST 
#define TLS __thread
#define HAVE_NATIVE_TLS 1

configure: exit 1
